
1 Failed download:
- BTCUSD=X: No data found, symbol may be delisted

1 Failed download:
- BTCUSD=X: No data found, symbol may be delisted

1 Failed download:
- BTCUSD=X: No data found, symbol may be delisted

1 Failed download:
- BTCUSD=X: No data found, symbol may be delisted

1 Failed download:
- BTCUSD=X: No data found, symbol may be delisted

1 Failed download:
- BTCUSD=X: No data found, symbol may be delisted

1 Failed download:
- BTCUSD=X: No data found, symbol may be delisted

1 Failed download:
- BTCUSD=X: No data found, symbol may be delisted

1 Failed download:
- BTCUSD=X: No data found, symbol may be delisted

1 Failed download:
- BTCUSD=X: No data found, symbol may be delisted

1 Failed download:
- BTCUSD=X: No data found, symbol may be delisted

1 Failed download:
- BTCUSD=X: No data found, symbol may be delisted

1 Failed download:
- BTCUSD=X: No data found, symbol may be delisted

1 Failed download:
- BTCUSD=X: No data found, symbol may be delisted

1 Failed download:
- BTCUSD=X: No data found, symbol may be delisted

1 Failed download:
- BTCUSD=X: No data found, symbol may be delisted

1 Failed download:
- BTCUSD=X: No data found, symbol may be delisted

1 Failed download:
- BTCUSD=X: No data found, symbol may be delisted

1 Failed download:
- BTCUSD=X: No data found, symbol may be delisted

1 Failed download:
- BTCUSD=X: No data found, symbol may be delisted

1 Failed download:
- BTCUSD=X: No data found, symbol may be delisted

1 Failed download:
- BTCUSD=X: No data found, symbol may be delisted

1 Failed download:
- BTCUSD=X: No data found, symbol may be delisted

1 Failed download:
- BTCUSD=X: No data found, symbol may be delisted

1 Failed download:
- BTCUSD=X: No data found, symbol may be delisted

1 Failed download:
- BTCUSD=X: No data found, symbol may be delisted

1 Failed download:
- BTCUSD=X: No data found, symbol may be delisted

1 Failed download:
- BTCUSD=X: No data found, symbol may be delisted

1 Failed download:
- BTCUSD=X: No data found, symbol may be delisted

1 Failed download:
- BTCUSD=X: No data found, symbol may be delisted

1 Failed download:
- BTCUSD=X: No data found, symbol may be delisted

1 Failed download:
- BTCUSD=X: No data found, symbol may be delisted

1 Failed download:
- BTCUSD=X: No data found, symbol may be delisted

1 Failed download:
- BTCUSD=X: No data found, symbol may be delisted

1 Failed download:
- BTCUSD=X: No data found, symbol may be delisted

1 Failed download:
- BTCUSD=X: No data found, symbol may be delisted

1 Failed download:
- BTCUSD=X: No data found, symbol may be delisted

1 Failed download:
- BTCUSD=X: No data found, symbol may be delisted

1 Failed download:
- BTCUSD=X: No data found, symbol may be delisted

1 Failed download:
- BTCUSD=X: No data found, symbol may be delisted

1 Failed download:
- BTCUSD=X: No data found, symbol may be delisted

1 Failed download:
- BTCUSD=X: No data found, symbol may be delisted

1 Failed download:
- BTCUSD=X: No data found, symbol may be delisted

1 Failed download:
- BTCUSD=X: No data found, symbol may be delisted

1 Failed download:
- BTCUSD=X: No data found, symbol may be delisted

1 Failed download:
- BTCUSD=X: No data found, symbol may be delisted

1 Failed download:
- BTCUSD=X: No data found, symbol may be delisted

1 Failed download:
- BTCUSD=X: No data found, symbol may be delisted

1 Failed download:
- BTCUSD=X: No data found, symbol may be delisted

1 Failed download:
- BTCUSD=X: No data found, symbol may be delisted

1 Failed download:
- BTCUSD=X: No data found, symbol may be delisted

1 Failed download:
- BTCUSD=X: No data found, symbol may be delisted

1 Failed download:
- BTCUSD=X: No data found, symbol may be delisted

1 Failed download:
- BTCUSD=X: No data found, symbol may be delisted

1 Failed download:
- BTCUSD=X: No data found, symbol may be delisted

1 Failed download:
- BTCUSD=X: No data found, symbol may be delisted

1 Failed download:
- BTCUSD=X: No data found, symbol may be delisted

1 Failed download:
- BTCUSD=X: No data found, symbol may be delisted

1 Failed download:
- BTCUSD=X: No data found, symbol may be delisted

1 Failed download:
- BTCUSD=X: No data found, symbol may be delisted

1 Failed download:
- BTCUSD=X: No data found, symbol may be delisted

1 Failed download:
- BTCUSD=X: No data found, symbol may be delisted

1 Failed download:
- BTCUSD=X: No data found, symbol may be delisted

1 Failed download:
- BTCUSD=X: No data found, symbol may be delisted

1 Failed download:
- BTCUSD=X: No data found, symbol may be delisted

1 Failed download:
- BTCUSD=X: No data found, symbol may be delisted

1 Failed download:
- BTCUSD=X: No data found, symbol may be delisted

1 Failed download:
- BTCUSD=X: No data found, symbol may be delisted

1 Failed download:
- BTCUSD=X: No data found, symbol may be delisted

1 Failed download:
- BTCUSD=X: No data found, symbol may be delisted

1 Failed download:
- BTCUSD=X: No data found, symbol may be delisted

1 Failed download:
- BTCUSD=X: No data found, symbol may be delisted

1 Failed download:
- BTCUSD=X: No data found, symbol may be delisted

1 Failed download:
- BTCUSD=X: No data found, symbol may be delisted

1 Failed download:
- BTCUSD=X: No data found, symbol may be delisted

1 Failed download:
- BTCUSD=X: No data found, symbol may be delisted

1 Failed download:
- BTCUSD=X: No data found, symbol may be delisted

1 Failed download:
- BTCUSD=X: No data found, symbol may be delisted

1 Failed download:
- BTCUSD=X: No data found, symbol may be delisted

1 Failed download:
- BTCUSD=X: No data found, symbol may be delisted

1 Failed download:
- BTCUSD=X: No data found, symbol may be delisted

1 Failed download:
- BTCUSD=X: No data found, symbol may be delisted

1 Failed download:
- BTCUSD=X: No data found, symbol may be delisted

1 Failed download:
- BTCUSD=X: No data found, symbol may be delisted

1 Failed download:
- BTCUSD=X: No data found, symbol may be delisted

1 Failed download:
- BTCUSD=X: No data found, symbol may be delisted

1 Failed download:
- BTCUSD=X: No data found, symbol may be delisted

1 Failed download:
- BTCUSD=X: No data found, symbol may be delisted

1 Failed download:
- BTCUSD=X: No data found, symbol may be delisted

1 Failed download:
- BTCUSD=X: No data found, symbol may be delisted

1 Failed download:
- BTCUSD=X: No data found, symbol may be delisted

1 Failed download:
- BTCUSD=X: No data found, symbol may be delisted

1 Failed download:
- BTCUSD=X: No data found, symbol may be delisted

1 Failed download:
- BTCUSD=X: No data found, symbol may be delisted

1 Failed download:
- BTCUSD=X: No data found, symbol may be delisted

1 Failed download:
- BTCUSD=X: No data found, symbol may be delisted

1 Failed download:
- BTCUSD=X: No data found, symbol may be delisted

1 Failed download:
- BTCUSD=X: No data found, symbol may be delisted

1 Failed download:
- BTCUSD=X: No data found, symbol may be delisted

1 Failed download:
- BTCUSD=X: No data found, symbol may be delisted

1 Failed download:
- BTCUSD=X: No data found, symbol may be delisted

1 Failed download:
- BTCUSD=X: No data found, symbol may be delisted

1 Failed download:
- BTCUSD=X: No data found, symbol may be delisted

1 Failed download:
- BTCUSD=X: No data found, symbol may be delisted

1 Failed download:
- BTCUSD=X: No data found, symbol may be delisted

1 Failed download:
- BTCUSD=X: No data found, symbol may be delisted

1 Failed download:
- BTCUSD=X: No data found, symbol may be delisted

1 Failed download:
- BTCUSD=X: No data found, symbol may be delisted

1 Failed download:
- BTCUSD=X: No data found, symbol may be delisted

1 Failed download:
- BTCUSD=X: No data found, symbol may be delisted

1 Failed download:
- BTCUSD=X: No data found, symbol may be delisted

1 Failed download:
- BTCUSD=X: No data found, symbol may be delisted

1 Failed download:
- BTCUSD=X: No data found, symbol may be delisted

1 Failed download:
- BTCUSD=X: No data found, symbol may be delisted

1 Failed download:
- BTCUSD=X: No data found, symbol may be delisted

1 Failed download:
- BTCUSD=X: No data found, symbol may be delisted

1 Failed download:
- BTCUSD=X: No data found, symbol may be delisted

1 Failed download:
- BTCUSD=X: No data found, symbol may be delisted

1 Failed download:
- BTCUSD=X: No data found, symbol may be delisted

1 Failed download:
- BTCUSD=X: No data found, symbol may be delisted

1 Failed download:
- BTCUSD=X: No data found, symbol may be delisted

1 Failed download:
- BTCUSD=X: No data found, symbol may be delisted

1 Failed download:
- BTCUSD=X: No data found, symbol may be delisted

1 Failed download:
- BTCUSD=X: No data found, symbol may be delisted

1 Failed download:
- BTCUSD=X: No data found, symbol may be delisted

1 Failed download:
- BTCUSD=X: No data found, symbol may be delisted

1 Failed download:
- BTCUSD=X: No data found, symbol may be delisted

1 Failed download:
- BTCUSD=X: No data found, symbol may be delisted

1 Failed download:
- BTCUSD=X: No data found, symbol may be delisted

1 Failed download:
- BTCUSD=X: No data found, symbol may be delisted

1 Failed download:
- BTCUSD=X: No data found, symbol may be delisted

1 Failed download:
- BTCUSD=X: No data found, symbol may be delisted

1 Failed download:
- BTCUSD=X: No data found, symbol may be delisted

1 Failed download:
- BTCUSD=X: No data found, symbol may be delisted

1 Failed download:
- BTCUSD=X: No data found, symbol may be delisted

1 Failed download:
- BTCUSD=X: No data found, symbol may be delisted

1 Failed download:
- BTCUSD=X: No data found, symbol may be delisted

1 Failed download:
- BTCUSD=X: No data found, symbol may be delisted

1 Failed download:
- BTCUSD=X: No data found, symbol may be delisted

1 Failed download:
- BTCUSD=X: No data found, symbol may be delisted

1 Failed download:
- BTCUSD=X: No data found, symbol may be delisted

1 Failed download:
- BTCUSD=X: No data found, symbol may be delisted

1 Failed download:
- BTCUSD=X: No data found, symbol may be delisted

1 Failed download:
- BTCUSD=X: No data found, symbol may be delisted

1 Failed download:
- BTCUSD=X: No data found, symbol may be delisted

1 Failed download:
- BTCUSD=X: No data found, symbol may be delisted

1 Failed download:
- BTCUSD=X: No data found, symbol may be delisted

1 Failed download:
- BTCUSD=X: No data found, symbol may be delisted

1 Failed download:
- BTCUSD=X: No data found, symbol may be delisted

1 Failed download:
- BTCUSD=X: No data found, symbol may be delisted
14:57:57.485064 USDZAR=X : LONG

1 Failed download:
- BTCUSD=X: No data found, symbol may be delisted

1 Failed download:
- BTCUSD=X: No data found, symbol may be delisted

1 Failed download:
- BTCUSD=X: No data found, symbol may be delisted

1 Failed download:
- BTCUSD=X: No data found, symbol may be delisted

1 Failed download:
- BTCUSD=X: No data found, symbol may be delisted

1 Failed download:
- BTCUSD=X: No data found, symbol may be delisted

1 Failed download:
- BTCUSD=X: No data found, symbol may be delisted

1 Failed download:
- BTCUSD=X: No data found, symbol may be delisted

1 Failed download:
- BTCUSD=X: No data found, symbol may be delisted

1 Failed download:
- BTCUSD=X: No data found, symbol may be delisted

1 Failed download:
- BTCUSD=X: No data found, symbol may be delisted

1 Failed download:
- BTCUSD=X: No data found, symbol may be delisted

1 Failed download:
- BTCUSD=X: No data found, symbol may be delisted

1 Failed download:
- BTCUSD=X: No data found, symbol may be delisted

1 Failed download:
- BTCUSD=X: No data found, symbol may be delisted

1 Failed download:
- BTCUSD=X: No data found, symbol may be delisted

1 Failed download:
- BTCUSD=X: No data found, symbol may be delisted

1 Failed download:
- BTCUSD=X: No data found, symbol may be delisted

1 Failed download:
- BTCUSD=X: No data found, symbol may be delisted

1 Failed download:
- BTCUSD=X: No data found, symbol may be delisted

1 Failed download:
- BTCUSD=X: No data found, symbol may be delisted

1 Failed download:
- BTCUSD=X: No data found, symbol may be delisted

1 Failed download:
- BTCUSD=X: No data found, symbol may be delisted

1 Failed download:
- BTCUSD=X: No data found, symbol may be delisted

1 Failed download:
- BTCUSD=X: No data found, symbol may be delisted

1 Failed download:
- BTCUSD=X: No data found, symbol may be delisted

1 Failed download:
- BTCUSD=X: No data found, symbol may be delisted

1 Failed download:
- BTCUSD=X: No data found, symbol may be delisted

1 Failed download:
- BTCUSD=X: No data found, symbol may be delisted

1 Failed download:
- BTCUSD=X: No data found, symbol may be delisted

1 Failed download:
- BTCUSD=X: No data found, symbol may be delisted

1 Failed download:
- BTCUSD=X: No data found, symbol may be delisted

1 Failed download:
- BTCUSD=X: No data found, symbol may be delisted

1 Failed download:
- BTCUSD=X: No data found, symbol may be delisted

1 Failed download:
- BTCUSD=X: No data found, symbol may be delisted

1 Failed download:
- BTCUSD=X: No data found, symbol may be delisted

1 Failed download:
- BTCUSD=X: No data found, symbol may be delisted

1 Failed download:
- BTCUSD=X: No data found, symbol may be delisted

1 Failed download:
- BTCUSD=X: No data found, symbol may be delisted

1 Failed download:
- BTCUSD=X: No data found, symbol may be delisted

1 Failed download:
- BTCUSD=X: No data found, symbol may be delisted

1 Failed download:
- BTCUSD=X: No data found, symbol may be delisted

1 Failed download:
- BTCUSD=X: No data found, symbol may be delisted

1 Failed download:
- BTCUSD=X: No data found, symbol may be delisted

1 Failed download:
- BTCUSD=X: No data found, symbol may be delisted

1 Failed download:
- BTCUSD=X: No data found, symbol may be delisted

1 Failed download:
- BTCUSD=X: No data found, symbol may be delisted

1 Failed download:
- BTCUSD=X: No data found, symbol may be delisted

1 Failed download:
- BTCUSD=X: No data found, symbol may be delisted

1 Failed download:
- BTCUSD=X: No data found, symbol may be delisted

1 Failed download:
- BTCUSD=X: No data found, symbol may be delisted

1 Failed download:
- BTCUSD=X: No data found, symbol may be delisted

1 Failed download:
- BTCUSD=X: No data found, symbol may be delisted

1 Failed download:
- BTCUSD=X: No data found, symbol may be delisted

1 Failed download:
- BTCUSD=X: No data found, symbol may be delisted

1 Failed download:
- BTCUSD=X: No data found, symbol may be delisted

1 Failed download:
- BTCUSD=X: No data found, symbol may be delisted

1 Failed download:
- BTCUSD=X: No data found, symbol may be delisted

1 Failed download:
- BTCUSD=X: No data found, symbol may be delisted

1 Failed download:
- BTCUSD=X: No data found, symbol may be delisted

1 Failed download:
- BTCUSD=X: No data found, symbol may be delisted

1 Failed download:
- BTCUSD=X: No data found, symbol may be delisted

1 Failed download:
- BTCUSD=X: No data found, symbol may be delisted

1 Failed download:
- BTCUSD=X: No data found, symbol may be delisted

1 Failed download:
- BTCUSD=X: No data found, symbol may be delisted

1 Failed download:
- BTCUSD=X: No data found, symbol may be delisted

1 Failed download:
- BTCUSD=X: No data found, symbol may be delisted

1 Failed download:
- BTCUSD=X: No data found, symbol may be delisted

1 Failed download:
- BTCUSD=X: No data found, symbol may be delisted

1 Failed download:
- BTCUSD=X: No data found, symbol may be delisted

1 Failed download:
- BTCUSD=X: No data found, symbol may be delisted

1 Failed download:
- BTCUSD=X: No data found, symbol may be delisted

1 Failed download:
- BTCUSD=X: No data found, symbol may be delisted

1 Failed download:
- BTCUSD=X: No data found, symbol may be delisted

1 Failed download:
- BTCUSD=X: No data found, symbol may be delisted

1 Failed download:
- BTCUSD=X: No data found, symbol may be delisted

1 Failed download:
- BTCUSD=X: No data found, symbol may be delisted

1 Failed download:
- BTCUSD=X: No data found, symbol may be delisted

1 Failed download:
- BTCUSD=X: No data found, symbol may be delisted

1 Failed download:
- BTCUSD=X: No data found, symbol may be delisted

1 Failed download:
- BTCUSD=X: No data found, symbol may be delisted

1 Failed download:
- BTCUSD=X: No data found, symbol may be delisted

1 Failed download:
- BTCUSD=X: No data found, symbol may be delisted

1 Failed download:
- BTCUSD=X: No data found, symbol may be delisted

1 Failed download:
- BTCUSD=X: No data found, symbol may be delisted

1 Failed download:
- BTCUSD=X: No data found, symbol may be delisted

1 Failed download:
- BTCUSD=X: No data found, symbol may be delisted

1 Failed download:
- BTCUSD=X: No data found, symbol may be delisted

1 Failed download:
- BTCUSD=X: No data found, symbol may be delisted

1 Failed download:
- BTCUSD=X: No data found, symbol may be delisted

1 Failed download:
- BTCUSD=X: No data found, symbol may be delisted

1 Failed download:
- BTCUSD=X: No data found, symbol may be delisted

1 Failed download:
- BTCUSD=X: No data found, symbol may be delisted

1 Failed download:
- BTCUSD=X: No data found, symbol may be delisted

1 Failed download:
- BTCUSD=X: No data found, symbol may be delisted

1 Failed download:
- BTCUSD=X: No data found, symbol may be delisted

1 Failed download:
- BTCUSD=X: No data found, symbol may be delisted

1 Failed download:
- BTCUSD=X: No data found, symbol may be delisted

1 Failed download:
- BTCUSD=X: No data found, symbol may be delisted

1 Failed download:
- BTCUSD=X: No data found, symbol may be delisted

1 Failed download:
- BTCUSD=X: No data found, symbol may be delisted

1 Failed download:
- BTCUSD=X: No data found, symbol may be delisted

1 Failed download:
- BTCUSD=X: No data found, symbol may be delisted

1 Failed download:
- BTCUSD=X: No data found, symbol may be delisted

1 Failed download:
- BTCUSD=X: No data found, symbol may be delisted

1 Failed download:
- BTCUSD=X: No data found, symbol may be delisted

1 Failed download:
- BTCUSD=X: No data found, symbol may be delisted

1 Failed download:
- BTCUSD=X: No data found, symbol may be delisted

1 Failed download:
- BTCUSD=X: No data found, symbol may be delisted

1 Failed download:
- BTCUSD=X: No data found, symbol may be delisted

1 Failed download:
- BTCUSD=X: No data found, symbol may be delisted

1 Failed download:
- BTCUSD=X: No data found, symbol may be delisted

1 Failed download:
- BTCUSD=X: No data found, symbol may be delisted

1 Failed download:
- BTCUSD=X: No data found, symbol may be delisted

1 Failed download:
- BTCUSD=X: No data found, symbol may be delisted

1 Failed download:
- BTCUSD=X: No data found, symbol may be delisted

1 Failed download:
- BTCUSD=X: No data found, symbol may be delisted

1 Failed download:
- BTCUSD=X: No data found, symbol may be delisted

1 Failed download:
- BTCUSD=X: No data found, symbol may be delisted

1 Failed download:
- BTCUSD=X: No data found, symbol may be delisted

1 Failed download:
- BTCUSD=X: No data found, symbol may be delisted

1 Failed download:
- BTCUSD=X: No data found, symbol may be delisted

1 Failed download:
- BTCUSD=X: No data found, symbol may be delisted

1 Failed download:
- BTCUSD=X: No data found, symbol may be delisted

1 Failed download:
- BTCUSD=X: No data found, symbol may be delisted

1 Failed download:
- BTCUSD=X: No data found, symbol may be delisted

1 Failed download:
- BTCUSD=X: No data found, symbol may be delisted

1 Failed download:
- BTCUSD=X: No data found, symbol may be delisted

1 Failed download:
- BTCUSD=X: No data found, symbol may be delisted

1 Failed download:
- BTCUSD=X: No data found, symbol may be delisted

1 Failed download:
- BTCUSD=X: No data found, symbol may be delisted

1 Failed download:
- BTCUSD=X: No data found, symbol may be delisted

1 Failed download:
- BTCUSD=X: No data found, symbol may be delisted

1 Failed download:
- BTCUSD=X: No data found, symbol may be delisted

1 Failed download:
- BTCUSD=X: No data found, symbol may be delisted

1 Failed download:
- BTCUSD=X: No data found, symbol may be delisted

1 Failed download:
- BTCUSD=X: No data found, symbol may be delisted

1 Failed download:
- BTCUSD=X: No data found, symbol may be delisted

1 Failed download:
- BTCUSD=X: No data found, symbol may be delisted

1 Failed download:
- BTCUSD=X: No data found, symbol may be delisted

1 Failed download:
- BTCUSD=X: No data found, symbol may be delisted

1 Failed download:
- BTCUSD=X: No data found, symbol may be delisted

1 Failed download:
- BTCUSD=X: No data found, symbol may be delisted

1 Failed download:
- BTCUSD=X: No data found, symbol may be delisted

1 Failed download:
- BTCUSD=X: No data found, symbol may be delisted

1 Failed download:
- BTCUSD=X: No data found, symbol may be delisted

1 Failed download:
- BTCUSD=X: No data found, symbol may be delisted

1 Failed download:
- BTCUSD=X: No data found, symbol may be delisted

1 Failed download:
- BTCUSD=X: No data found, symbol may be delisted

1 Failed download:
- BTCUSD=X: No data found, symbol may be delisted

1 Failed download:
- BTCUSD=X: No data found, symbol may be delisted

1 Failed download:
- BTCUSD=X: No data found, symbol may be delisted

1 Failed download:
- BTCUSD=X: No data found, symbol may be delisted

1 Failed download:
- BTCUSD=X: No data found, symbol may be delisted

1 Failed download:
- BTCUSD=X: No data found, symbol may be delisted

1 Failed download:
- BTCUSD=X: No data found, symbol may be delisted

1 Failed download:
- BTCUSD=X: No data found, symbol may be delisted

1 Failed download:
- BTCUSD=X: No data found, symbol may be delisted

1 Failed download:
- BTCUSD=X: No data found, symbol may be delisted

1 Failed download:
- BTCUSD=X: No data found, symbol may be delisted

1 Failed download:
- BTCUSD=X: No data found, symbol may be delisted

1 Failed download:
- BTCUSD=X: No data found, symbol may be delisted

1 Failed download:
- BTCUSD=X: No data found, symbol may be delisted

1 Failed download:
- BTCUSD=X: No data found, symbol may be delisted

1 Failed download:
- BTCUSD=X: No data found, symbol may be delisted

1 Failed download:
- BTCUSD=X: No data found, symbol may be delisted

1 Failed download:
- BTCUSD=X: No data found, symbol may be delisted

1 Failed download:
- BTCUSD=X: No data found, symbol may be delisted

1 Failed download:
- BTCUSD=X: No data found, symbol may be delisted

1 Failed download:
- BTCUSD=X: No data found, symbol may be delisted

1 Failed download:
- BTCUSD=X: No data found, symbol may be delisted

1 Failed download:
- BTCUSD=X: No data found, symbol may be delisted

1 Failed download:
- BTCUSD=X: No data found, symbol may be delisted

1 Failed download:
- BTCUSD=X: No data found, symbol may be delisted

1 Failed download:
- BTCUSD=X: No data found, symbol may be delisted

1 Failed download:
- BTCUSD=X: No data found, symbol may be delisted

1 Failed download:
- BTCUSD=X: No data found, symbol may be delisted

1 Failed download:
- BTCUSD=X: No data found, symbol may be delisted

1 Failed download:
- BTCUSD=X: No data found, symbol may be delisted

1 Failed download:
- BTCUSD=X: No data found, symbol may be delisted

1 Failed download:
- BTCUSD=X: No data found, symbol may be delisted

1 Failed download:
- BTCUSD=X: No data found, symbol may be delisted

1 Failed download:
- BTCUSD=X: No data found, symbol may be delisted

1 Failed download:
- BTCUSD=X: No data found, symbol may be delisted

1 Failed download:
- BTCUSD=X: No data found, symbol may be delisted

1 Failed download:
- BTCUSD=X: No data found, symbol may be delisted

1 Failed download:
- BTCUSD=X: No data found, symbol may be delisted

1 Failed download:
- BTCUSD=X: No data found, symbol may be delisted

1 Failed download:
- BTCUSD=X: No data found, symbol may be delisted

1 Failed download:
- BTCUSD=X: No data found, symbol may be delisted

1 Failed download:
- BTCUSD=X: No data found, symbol may be delisted

1 Failed download:
- BTCUSD=X: No data found, symbol may be delisted

1 Failed download:
- BTCUSD=X: No data found, symbol may be delisted

1 Failed download:
- BTCUSD=X: No data found, symbol may be delisted

1 Failed download:
- BTCUSD=X: No data found, symbol may be delisted

1 Failed download:
- BTCUSD=X: No data found, symbol may be delisted

1 Failed download:
- BTCUSD=X: No data found, symbol may be delisted

1 Failed download:
- BTCUSD=X: No data found, symbol may be delisted

1 Failed download:
- BTCUSD=X: No data found, symbol may be delisted

1 Failed download:
- BTCUSD=X: No data found, symbol may be delisted

1 Failed download:
- BTCUSD=X: No data found, symbol may be delisted

1 Failed download:
- BTCUSD=X: No data found, symbol may be delisted

1 Failed download:
- BTCUSD=X: No data found, symbol may be delisted

1 Failed download:
- BTCUSD=X: No data found, symbol may be delisted

1 Failed download:
- BTCUSD=X: No data found, symbol may be delisted

1 Failed download:
- BTCUSD=X: No data found, symbol may be delisted

1 Failed download:
- BTCUSD=X: No data found, symbol may be delisted

1 Failed download:
- BTCUSD=X: No data found, symbol may be delisted

1 Failed download:
- BTCUSD=X: No data found, symbol may be delisted

1 Failed download:
- BTCUSD=X: No data found, symbol may be delisted

1 Failed download:
- BTCUSD=X: No data found, symbol may be delisted

1 Failed download:
- BTCUSD=X: No data found, symbol may be delisted

1 Failed download:
- BTCUSD=X: No data found, symbol may be delisted

1 Failed download:
- BTCUSD=X: No data found, symbol may be delisted

1 Failed download:
- BTCUSD=X: No data found, symbol may be delisted

1 Failed download:
- BTCUSD=X: No data found, symbol may be delisted

1 Failed download:
- BTCUSD=X: No data found, symbol may be delisted

1 Failed download:
- BTCUSD=X: No data found, symbol may be delisted

1 Failed download:
- BTCUSD=X: No data found, symbol may be delisted

1 Failed download:
- BTCUSD=X: No data found, symbol may be delisted

1 Failed download:
- BTCUSD=X: No data found, symbol may be delisted

1 Failed download:
- BTCUSD=X: No data found, symbol may be delisted

1 Failed download:
- BTCUSD=X: No data found, symbol may be delisted

1 Failed download:
- BTCUSD=X: No data found, symbol may be delisted

1 Failed download:
- BTCUSD=X: No data found, symbol may be delisted

1 Failed download:
- BTCUSD=X: No data found, symbol may be delisted

1 Failed download:
- BTCUSD=X: No data found, symbol may be delisted

1 Failed download:
- BTCUSD=X: No data found, symbol may be delisted

1 Failed download:
- BTCUSD=X: No data found, symbol may be delisted

1 Failed download:
- BTCUSD=X: No data found, symbol may be delisted

1 Failed download:
- BTCUSD=X: No data found, symbol may be delisted

1 Failed download:
- BTCUSD=X: No data found, symbol may be delisted

1 Failed download:
- BTCUSD=X: No data found, symbol may be delisted

1 Failed download:
- BTCUSD=X: No data found, symbol may be delisted

1 Failed download:
- BTCUSD=X: No data found, symbol may be delisted

1 Failed download:
- BTCUSD=X: No data found, symbol may be delisted

1 Failed download:
- BTCUSD=X: No data found, symbol may be delisted

1 Failed download:
- BTCUSD=X: No data found, symbol may be delisted

1 Failed download:
- BTCUSD=X: No data found, symbol may be delisted

1 Failed download:
- BTCUSD=X: No data found, symbol may be delisted

1 Failed download:
- BTCUSD=X: No data found, symbol may be delisted

1 Failed download:
- BTCUSD=X: No data found, symbol may be delisted

1 Failed download:
- BTCUSD=X: No data found, symbol may be delisted

1 Failed download:
- BTCUSD=X: No data found, symbol may be delisted

1 Failed download:
- BTCUSD=X: No data found, symbol may be delisted

1 Failed download:
- BTCUSD=X: No data found, symbol may be delisted

1 Failed download:
- BTCUSD=X: No data found, symbol may be delisted

1 Failed download:
- BTCUSD=X: No data found, symbol may be delisted

1 Failed download:
- BTCUSD=X: No data found, symbol may be delisted

1 Failed download:
- BTCUSD=X: No data found, symbol may be delisted

1 Failed download:
- BTCUSD=X: No data found, symbol may be delisted

1 Failed download:
- BTCUSD=X: No data found, symbol may be delisted

1 Failed download:
- BTCUSD=X: No data found, symbol may be delisted

1 Failed download:
- BTCUSD=X: No data found, symbol may be delisted

1 Failed download:
- BTCUSD=X: No data found, symbol may be delisted

1 Failed download:
- BTCUSD=X: No data found, symbol may be delisted

1 Failed download:
- BTCUSD=X: No data found, symbol may be delisted

1 Failed download:
- BTCUSD=X: No data found, symbol may be delisted

1 Failed download:
- BTCUSD=X: No data found, symbol may be delisted

1 Failed download:
- BTCUSD=X: No data found, symbol may be delisted

1 Failed download:
- BTCUSD=X: No data found, symbol may be delisted

1 Failed download:
- BTCUSD=X: No data found, symbol may be delisted

1 Failed download:
- BTCUSD=X: No data found, symbol may be delisted

1 Failed download:
- BTCUSD=X: No data found, symbol may be delisted

1 Failed download:
- BTCUSD=X: No data found, symbol may be delisted

1 Failed download:
- BTCUSD=X: No data found, symbol may be delisted

1 Failed download:
- BTCUSD=X: No data found, symbol may be delisted

1 Failed download:
- BTCUSD=X: No data found, symbol may be delisted

1 Failed download:
- BTCUSD=X: No data found, symbol may be delisted

1 Failed download:
- BTCUSD=X: No data found, symbol may be delisted

1 Failed download:
- BTCUSD=X: No data found, symbol may be delisted

1 Failed download:
- BTCUSD=X: No data found, symbol may be delisted

1 Failed download:
- BTCUSD=X: No data found, symbol may be delisted

1 Failed download:
- BTCUSD=X: No data found, symbol may be delisted

1 Failed download:
- BTCUSD=X: No data found, symbol may be delisted

1 Failed download:
- BTCUSD=X: No data found, symbol may be delisted

1 Failed download:
- BTCUSD=X: No data found, symbol may be delisted

1 Failed download:
- BTCUSD=X: No data found, symbol may be delisted

1 Failed download:
- BTCUSD=X: No data found, symbol may be delisted

1 Failed download:
- BTCUSD=X: No data found, symbol may be delisted

1 Failed download:
- BTCUSD=X: No data found, symbol may be delisted

1 Failed download:
- BTCUSD=X: No data found, symbol may be delisted

1 Failed download:
- BTCUSD=X: No data found, symbol may be delisted

1 Failed download:
- BTCUSD=X: No data found, symbol may be delisted

1 Failed download:
- BTCUSD=X: No data found, symbol may be delisted

1 Failed download:
- BTCUSD=X: No data found, symbol may be delisted

1 Failed download:
- BTCUSD=X: No data found, symbol may be delisted

1 Failed download:
- BTCUSD=X: No data found, symbol may be delisted

1 Failed download:
- BTCUSD=X: No data found, symbol may be delisted

1 Failed download:
- BTCUSD=X: No data found, symbol may be delisted

1 Failed download:
- BTCUSD=X: No data found, symbol may be delisted

1 Failed download:
- BTCUSD=X: No data found, symbol may be delisted

1 Failed download:
- BTCUSD=X: No data found, symbol may be delisted

1 Failed download:
- BTCUSD=X: No data found, symbol may be delisted

1 Failed download:
- BTCUSD=X: No data found, symbol may be delisted

1 Failed download:
- BTCUSD=X: No data found, symbol may be delisted

1 Failed download:
- BTCUSD=X: No data found, symbol may be delisted

1 Failed download:
- BTCUSD=X: No data found, symbol may be delisted

1 Failed download:
- BTCUSD=X: No data found, symbol may be delisted

1 Failed download:
- BTCUSD=X: No data found, symbol may be delisted

1 Failed download:
- BTCUSD=X: No data found, symbol may be delisted

1 Failed download:
- BTCUSD=X: No data found, symbol may be delisted

1 Failed download:
- BTCUSD=X: No data found, symbol may be delisted

1 Failed download:
- BTCUSD=X: No data found, symbol may be delisted

1 Failed download:
- BTCUSD=X: No data found, symbol may be delisted

1 Failed download:
- BTCUSD=X: No data found, symbol may be delisted

1 Failed download:
- BTCUSD=X: No data found, symbol may be delisted

1 Failed download:
- BTCUSD=X: No data found, symbol may be delisted

1 Failed download:
- BTCUSD=X: No data found, symbol may be delisted

1 Failed download:
- BTCUSD=X: No data found, symbol may be delisted

1 Failed download:
- BTCUSD=X: No data found, symbol may be delisted

1 Failed download:
- BTCUSD=X: No data found, symbol may be delisted

1 Failed download:
- BTCUSD=X: No data found, symbol may be delisted

1 Failed download:
- BTCUSD=X: No data found, symbol may be delisted

1 Failed download:
- BTCUSD=X: No data found, symbol may be delisted

1 Failed download:
- BTCUSD=X: No data found, symbol may be delisted

1 Failed download:
- BTCUSD=X: No data found, symbol may be delisted

1 Failed download:
- BTCUSD=X: No data found, symbol may be delisted

1 Failed download:
- BTCUSD=X: No data found, symbol may be delisted

1 Failed download:
- BTCUSD=X: No data found, symbol may be delisted

1 Failed download:
- BTCUSD=X: No data found, symbol may be delisted

1 Failed download:
- BTCUSD=X: No data found, symbol may be delisted

1 Failed download:
- BTCUSD=X: No data found, symbol may be delisted

1 Failed download:
- BTCUSD=X: No data found, symbol may be delisted

1 Failed download:
- BTCUSD=X: No data found, symbol may be delisted

1 Failed download:
- BTCUSD=X: No data found, symbol may be delisted

1 Failed download:
- BTCUSD=X: No data found, symbol may be delisted

1 Failed download:
- BTCUSD=X: No data found, symbol may be delisted

1 Failed download:
- BTCUSD=X: No data found, symbol may be delisted

1 Failed download:
- BTCUSD=X: No data found, symbol may be delisted

1 Failed download:
- BTCUSD=X: No data found, symbol may be delisted

1 Failed download:
- BTCUSD=X: No data found, symbol may be delisted

1 Failed download:
- BTCUSD=X: No data found, symbol may be delisted

1 Failed download:
- BTCUSD=X: No data found, symbol may be delisted

1 Failed download:
- BTCUSD=X: No data found, symbol may be delisted

1 Failed download:
- BTCUSD=X: No data found, symbol may be delisted

1 Failed download:
- BTCUSD=X: No data found, symbol may be delisted

1 Failed download:
- BTCUSD=X: No data found, symbol may be delisted

1 Failed download:
- BTCUSD=X: No data found, symbol may be delisted

1 Failed download:
- BTCUSD=X: No data found, symbol may be delisted

1 Failed download:
- BTCUSD=X: No data found, symbol may be delisted

1 Failed download:
- BTCUSD=X: No data found, symbol may be delisted

1 Failed download:
- BTCUSD=X: No data found, symbol may be delisted

1 Failed download:
- BTCUSD=X: No data found, symbol may be delisted

1 Failed download:
- BTCUSD=X: No data found, symbol may be delisted

1 Failed download:
- BTCUSD=X: No data found, symbol may be delisted

1 Failed download:
- BTCUSD=X: No data found, symbol may be delisted

1 Failed download:
- BTCUSD=X: No data found, symbol may be delisted

1 Failed download:
- BTCUSD=X: No data found, symbol may be delisted

1 Failed download:
- BTCUSD=X: No data found, symbol may be delisted

1 Failed download:
- BTCUSD=X: No data found, symbol may be delisted

1 Failed download:
- BTCUSD=X: No data found, symbol may be delisted

1 Failed download:
- BTCUSD=X: No data found, symbol may be delisted

1 Failed download:
- BTCUSD=X: No data found, symbol may be delisted

1 Failed download:
- BTCUSD=X: No data found, symbol may be delisted

1 Failed download:
- BTCUSD=X: No data found, symbol may be delisted
QStandardPaths: XDG_RUNTIME_DIR not set, defaulting to '/tmp/runtime-root'
this function is deprecated, use QScreen::grabWindow() instead. Defaulting to primary screen.
this function is deprecated, use QScreen::grabWindow() instead. Defaulting to primary screen.
this function is deprecated, use QScreen::grabWindow() instead. Defaulting to primary screen.

1 Failed download:
- BTCUSD=X: No data found, symbol may be delisted

1 Failed download:
- BTCUSD=X: No data found, symbol may be delisted

1 Failed download:
- BTCUSD=X: No data found, symbol may be delisted

1 Failed download:
- BTCUSD=X: No data found, symbol may be delisted

1 Failed download:
- BTCUSD=X: No data found, symbol may be delisted

1 Failed download:
- BTCUSD=X: No data found, symbol may be delisted

1 Failed download:
- BTCUSD=X: No data found, symbol may be delisted

1 Failed download:
- BTCUSD=X: No data found, symbol may be delisted

1 Failed download:
- BTCUSD=X: No data found, symbol may be delisted

1 Failed download:
- BTCUSD=X: No data found, symbol may be delisted

1 Failed download:
- BTCUSD=X: No data found, symbol may be delisted

1 Failed download:
- BTCUSD=X: No data found, symbol may be delisted

1 Failed download:
- BTCUSD=X: No data found, symbol may be delisted

1 Failed download:
- BTCUSD=X: No data found, symbol may be delisted

1 Failed download:
- BTCUSD=X: No data found, symbol may be delisted

1 Failed download:
- BTCUSD=X: No data found, symbol may be delisted

1 Failed download:
- BTCUSD=X: No data found, symbol may be delisted

1 Failed download:
- BTCUSD=X: No data found, symbol may be delisted

1 Failed download:
- BTCUSD=X: No data found, symbol may be delisted

1 Failed download:
- BTCUSD=X: No data found, symbol may be delisted

1 Failed download:
- BTCUSD=X: No data found, symbol may be delisted

1 Failed download:
- BTCUSD=X: No data found, symbol may be delisted

1 Failed download:
- BTCUSD=X: No data found, symbol may be delisted

1 Failed download:
- BTCUSD=X: No data found, symbol may be delisted

1 Failed download:
- BTCUSD=X: No data found, symbol may be delisted

1 Failed download:
- BTCUSD=X: No data found, symbol may be delisted

1 Failed download:
- BTCUSD=X: No data found, symbol may be delisted

1 Failed download:
- BTCUSD=X: No data found, symbol may be delisted

1 Failed download:
- BTCUSD=X: No data found, symbol may be delisted

1 Failed download:
- BTCUSD=X: No data found, symbol may be delisted

1 Failed download:
- BTCUSD=X: No data found, symbol may be delisted

1 Failed download:
- BTCUSD=X: No data found, symbol may be delisted

1 Failed download:
- BTCUSD=X: No data found, symbol may be delisted

1 Failed download:
- BTCUSD=X: No data found, symbol may be delisted

1 Failed download:
- BTCUSD=X: No data found, symbol may be delisted

1 Failed download:
- BTCUSD=X: No data found, symbol may be delisted

1 Failed download:
- BTCUSD=X: No data found, symbol may be delisted

1 Failed download:
- BTCUSD=X: No data found, symbol may be delisted

1 Failed download:
- BTCUSD=X: No data found, symbol may be delisted

1 Failed download:
- BTCUSD=X: No data found, symbol may be delisted

1 Failed download:
- BTCUSD=X: No data found, symbol may be delisted

1 Failed download:
- BTCUSD=X: No data found, symbol may be delisted

1 Failed download:
- BTCUSD=X: No data found, symbol may be delisted

1 Failed download:
- BTCUSD=X: No data found, symbol may be delisted

1 Failed download:
- BTCUSD=X: No data found, symbol may be delisted

1 Failed download:
- BTCUSD=X: No data found, symbol may be delisted

1 Failed download:
- BTCUSD=X: No data found, symbol may be delisted

1 Failed download:
- BTCUSD=X: No data found, symbol may be delisted

1 Failed download:
- BTCUSD=X: No data found, symbol may be delisted

1 Failed download:
- BTCUSD=X: No data found, symbol may be delisted

1 Failed download:
- BTCUSD=X: No data found, symbol may be delisted

1 Failed download:
- BTCUSD=X: No data found, symbol may be delisted

1 Failed download:
- BTCUSD=X: No data found, symbol may be delisted

1 Failed download:
- BTCUSD=X: No data found, symbol may be delisted

1 Failed download:
- BTCUSD=X: No data found, symbol may be delisted

1 Failed download:
- BTCUSD=X: No data found, symbol may be delisted

1 Failed download:
- BTCUSD=X: No data found, symbol may be delisted

1 Failed download:
- BTCUSD=X: No data found, symbol may be delisted

1 Failed download:
- BTCUSD=X: No data found, symbol may be delisted

1 Failed download:
- BTCUSD=X: No data found, symbol may be delisted

1 Failed download:
- BTCUSD=X: No data found, symbol may be delisted

1 Failed download:
- BTCUSD=X: No data found, symbol may be delisted

1 Failed download:
- BTCUSD=X: No data found, symbol may be delisted

1 Failed download:
- BTCUSD=X: No data found, symbol may be delisted

1 Failed download:
- BTCUSD=X: No data found, symbol may be delisted

1 Failed download:
- BTCUSD=X: No data found, symbol may be delisted

1 Failed download:
- BTCUSD=X: No data found, symbol may be delisted

1 Failed download:
- BTCUSD=X: No data found, symbol may be delisted

1 Failed download:
- BTCUSD=X: No data found, symbol may be delisted

1 Failed download:
- BTCUSD=X: No data found, symbol may be delisted

1 Failed download:
- BTCUSD=X: No data found, symbol may be delisted

1 Failed download:
- BTCUSD=X: No data found, symbol may be delisted

1 Failed download:
- BTCUSD=X: No data found, symbol may be delisted

1 Failed download:
- BTCUSD=X: No data found, symbol may be delisted

1 Failed download:
- BTCUSD=X: No data found, symbol may be delisted

1 Failed download:
- BTCUSD=X: No data found, symbol may be delisted

1 Failed download:
- BTCUSD=X: No data found, symbol may be delisted

1 Failed download:
- BTCUSD=X: No data found, symbol may be delisted

1 Failed download:
- BTCUSD=X: No data found, symbol may be delisted

1 Failed download:
- BTCUSD=X: No data found, symbol may be delisted

1 Failed download:
- BTCUSD=X: No data found, symbol may be delisted

1 Failed download:
- BTCUSD=X: No data found, symbol may be delisted

1 Failed download:
- BTCUSD=X: No data found, symbol may be delisted

1 Failed download:
- BTCUSD=X: No data found, symbol may be delisted

1 Failed download:
- BTCUSD=X: No data found, symbol may be delisted

1 Failed download:
- BTCUSD=X: No data found, symbol may be delisted

1 Failed download:
- BTCUSD=X: No data found, symbol may be delisted

1 Failed download:
- BTCUSD=X: No data found, symbol may be delisted

1 Failed download:
- BTCUSD=X: No data found, symbol may be delisted

1 Failed download:
- BTCUSD=X: No data found, symbol may be delisted

1 Failed download:
- BTCUSD=X: No data found, symbol may be delisted

1 Failed download:
- BTCUSD=X: No data found, symbol may be delisted

1 Failed download:
- BTCUSD=X: No data found, symbol may be delisted

1 Failed download:
- BTCUSD=X: No data found, symbol may be delisted

1 Failed download:
- BTCUSD=X: No data found, symbol may be delisted

1 Failed download:
- BTCUSD=X: No data found, symbol may be delisted

1 Failed download:
- BTCUSD=X: No data found, symbol may be delisted

1 Failed download:
- BTCUSD=X: No data found, symbol may be delisted

1 Failed download:
- BTCUSD=X: No data found, symbol may be delisted

1 Failed download:
- BTCUSD=X: No data found, symbol may be delisted

1 Failed download:
- BTCUSD=X: No data found, symbol may be delisted

1 Failed download:
- BTCUSD=X: No data found, symbol may be delisted

1 Failed download:
- BTCUSD=X: No data found, symbol may be delisted

1 Failed download:
- BTCUSD=X: No data found, symbol may be delisted

1 Failed download:
- BTCUSD=X: No data found, symbol may be delisted

1 Failed download:
- BTCUSD=X: No data found, symbol may be delisted

1 Failed download:
- BTCUSD=X: No data found, symbol may be delisted

1 Failed download:
- BTCUSD=X: No data found, symbol may be delisted

1 Failed download:
- BTCUSD=X: No data found, symbol may be delisted

1 Failed download:
- BTCUSD=X: No data found, symbol may be delisted
18:55:50.939497 AUDUSD=X : SHORT

1 Failed download:
- BTCUSD=X: No data found, symbol may be delisted

1 Failed download:
- BTCUSD=X: No data found, symbol may be delisted

1 Failed download:
- BTCUSD=X: No data found, symbol may be delisted

1 Failed download:
- BTCUSD=X: No data found, symbol may be delisted

1 Failed download:
- BTCUSD=X: No data found, symbol may be delisted

1 Failed download:
- BTCUSD=X: No data found, symbol may be delisted

1 Failed download:
- BTCUSD=X: No data found, symbol may be delisted

1 Failed download:
- BTCUSD=X: No data found, symbol may be delisted

1 Failed download:
- BTCUSD=X: No data found, symbol may be delisted

1 Failed download:
- BTCUSD=X: No data found, symbol may be delisted

1 Failed download:
- BTCUSD=X: No data found, symbol may be delisted

1 Failed download:
- BTCUSD=X: No data found, symbol may be delisted

1 Failed download:
- BTCUSD=X: No data found, symbol may be delisted

1 Failed download:
- BTCUSD=X: No data found, symbol may be delisted

1 Failed download:
- BTCUSD=X: No data found, symbol may be delisted

1 Failed download:
- BTCUSD=X: No data found, symbol may be delisted

1 Failed download:
- BTCUSD=X: No data found, symbol may be delisted

1 Failed download:
- BTCUSD=X: No data found, symbol may be delisted

1 Failed download:
- BTCUSD=X: No data found, symbol may be delisted

1 Failed download:
- BTCUSD=X: No data found, symbol may be delisted

1 Failed download:
- BTCUSD=X: No data found, symbol may be delisted

1 Failed download:
- BTCUSD=X: No data found, symbol may be delisted

1 Failed download:
- BTCUSD=X: No data found, symbol may be delisted

1 Failed download:
- BTCUSD=X: No data found, symbol may be delisted

1 Failed download:
- BTCUSD=X: No data found, symbol may be delisted

1 Failed download:
- BTCUSD=X: No data found, symbol may be delisted

1 Failed download:
- BTCUSD=X: No data found, symbol may be delisted

1 Failed download:
- BTCUSD=X: No data found, symbol may be delisted

1 Failed download:
- BTCUSD=X: No data found, symbol may be delisted

1 Failed download:
- BTCUSD=X: No data found, symbol may be delisted

1 Failed download:
- BTCUSD=X: No data found, symbol may be delisted

1 Failed download:
- BTCUSD=X: No data found, symbol may be delisted

1 Failed download:
- BTCUSD=X: No data found, symbol may be delisted

1 Failed download:
- BTCUSD=X: No data found, symbol may be delisted

1 Failed download:
- BTCUSD=X: No data found, symbol may be delisted

1 Failed download:
- BTCUSD=X: No data found, symbol may be delisted

1 Failed download:
- BTCUSD=X: No data found, symbol may be delisted

1 Failed download:
- BTCUSD=X: No data found, symbol may be delisted

1 Failed download:
- BTCUSD=X: No data found, symbol may be delisted

1 Failed download:
- BTCUSD=X: No data found, symbol may be delisted

1 Failed download:
- BTCUSD=X: No data found, symbol may be delisted

1 Failed download:
- BTCUSD=X: No data found, symbol may be delisted

1 Failed download:
- BTCUSD=X: No data found, symbol may be delisted

1 Failed download:
- BTCUSD=X: No data found, symbol may be delisted

1 Failed download:
- BTCUSD=X: No data found, symbol may be delisted

1 Failed download:
- BTCUSD=X: No data found, symbol may be delisted

1 Failed download:
- BTCUSD=X: No data found, symbol may be delisted

1 Failed download:
- BTCUSD=X: No data found, symbol may be delisted

1 Failed download:
- BTCUSD=X: No data found, symbol may be delisted

1 Failed download:
- BTCUSD=X: No data found, symbol may be delisted

1 Failed download:
- BTCUSD=X: No data found, symbol may be delisted

1 Failed download:
- BTCUSD=X: No data found, symbol may be delisted

1 Failed download:
- BTCUSD=X: No data found, symbol may be delisted

1 Failed download:
- BTCUSD=X: No data found, symbol may be delisted

1 Failed download:
- BTCUSD=X: No data found, symbol may be delisted

1 Failed download:
- BTCUSD=X: No data found, symbol may be delisted

1 Failed download:
- BTCUSD=X: No data found, symbol may be delisted

1 Failed download:
- BTCUSD=X: No data found, symbol may be delisted

1 Failed download:
- BTCUSD=X: No data found, symbol may be delisted

1 Failed download:
- BTCUSD=X: No data found, symbol may be delisted

1 Failed download:
- BTCUSD=X: No data found, symbol may be delisted

1 Failed download:
- BTCUSD=X: No data found, symbol may be delisted

1 Failed download:
- BTCUSD=X: No data found, symbol may be delisted

1 Failed download:
- BTCUSD=X: No data found, symbol may be delisted

1 Failed download:
- BTCUSD=X: No data found, symbol may be delisted

1 Failed download:
- BTCUSD=X: No data found, symbol may be delisted

1 Failed download:
- BTCUSD=X: No data found, symbol may be delisted

1 Failed download:
- BTCUSD=X: No data found, symbol may be delisted

1 Failed download:
- BTCUSD=X: No data found, symbol may be delisted

1 Failed download:
- BTCUSD=X: No data found, symbol may be delisted

1 Failed download:
- BTCUSD=X: No data found, symbol may be delisted

1 Failed download:
- BTCUSD=X: No data found, symbol may be delisted

1 Failed download:
- BTCUSD=X: No data found, symbol may be delisted

1 Failed download:
- BTCUSD=X: No data found, symbol may be delisted

1 Failed download:
- BTCUSD=X: No data found, symbol may be delisted

1 Failed download:
- BTCUSD=X: No data found, symbol may be delisted

1 Failed download:
- BTCUSD=X: No data found, symbol may be delisted

1 Failed download:
- BTCUSD=X: No data found, symbol may be delisted

1 Failed download:
- BTCUSD=X: No data found, symbol may be delisted

1 Failed download:
- BTCUSD=X: No data found, symbol may be delisted

1 Failed download:
- BTCUSD=X: No data found, symbol may be delisted

1 Failed download:
- BTCUSD=X: No data found, symbol may be delisted
19:36:07.072760 FB : SHORT

1 Failed download:
- BTCUSD=X: No data found, symbol may be delisted

1 Failed download:
- BTCUSD=X: No data found, symbol may be delisted

1 Failed download:
- BTCUSD=X: No data found, symbol may be delisted

1 Failed download:
- BTCUSD=X: No data found, symbol may be delisted

1 Failed download:
- BTCUSD=X: No data found, symbol may be delisted

1 Failed download:
- BTCUSD=X: No data found, symbol may be delisted

1 Failed download:
- BTCUSD=X: No data found, symbol may be delisted

1 Failed download:
- BTCUSD=X: No data found, symbol may be delisted

1 Failed download:
- BTCUSD=X: No data found, symbol may be delisted

1 Failed download:
- BTCUSD=X: No data found, symbol may be delisted

1 Failed download:
- BTCUSD=X: No data found, symbol may be delisted

1 Failed download:
- BTCUSD=X: No data found, symbol may be delisted

1 Failed download:
- BTCUSD=X: No data found, symbol may be delisted

1 Failed download:
- BTCUSD=X: No data found, symbol may be delisted

1 Failed download:
- BTCUSD=X: No data found, symbol may be delisted

1 Failed download:
- BTCUSD=X: No data found, symbol may be delisted

1 Failed download:
- BTCUSD=X: No data found, symbol may be delisted

1 Failed download:
- BTCUSD=X: No data found, symbol may be delisted

1 Failed download:
- BTCUSD=X: No data found, symbol may be delisted

1 Failed download:
- BTCUSD=X: No data found, symbol may be delisted

1 Failed download:
- BTCUSD=X: No data found, symbol may be delisted

1 Failed download:
- BTCUSD=X: No data found, symbol may be delisted

1 Failed download:
- BTCUSD=X: No data found, symbol may be delisted

1 Failed download:
- BTCUSD=X: No data found, symbol may be delisted

1 Failed download:
- BTCUSD=X: No data found, symbol may be delisted

1 Failed download:
- BTCUSD=X: No data found, symbol may be delisted

1 Failed download:
- BTCUSD=X: No data found, symbol may be delisted

1 Failed download:
- BTCUSD=X: No data found, symbol may be delisted

1 Failed download:
- BTCUSD=X: No data found, symbol may be delisted

1 Failed download:
- BTCUSD=X: No data found, symbol may be delisted

1 Failed download:
- BTCUSD=X: No data found, symbol may be delisted

1 Failed download:
- BTCUSD=X: No data found, symbol may be delisted

1 Failed download:
- BTCUSD=X: No data found, symbol may be delisted

1 Failed download:
- BTCUSD=X: No data found, symbol may be delisted

1 Failed download:
- BTCUSD=X: No data found, symbol may be delisted

1 Failed download:
- BTCUSD=X: No data found, symbol may be delisted

1 Failed download:
- BTCUSD=X: No data found, symbol may be delisted

1 Failed download:
- BTCUSD=X: No data found, symbol may be delisted

1 Failed download:
- BTCUSD=X: No data found, symbol may be delisted

1 Failed download:
- BTCUSD=X: No data found, symbol may be delisted

1 Failed download:
- BTCUSD=X: No data found, symbol may be delisted

1 Failed download:
- BTCUSD=X: No data found, symbol may be delisted

1 Failed download:
- BTCUSD=X: No data found, symbol may be delisted

1 Failed download:
- BTCUSD=X: No data found, symbol may be delisted

1 Failed download:
- BTCUSD=X: No data found, symbol may be delisted

1 Failed download:
- BTCUSD=X: No data found, symbol may be delisted

1 Failed download:
- BTCUSD=X: No data found, symbol may be delisted

1 Failed download:
- BTCUSD=X: No data found, symbol may be delisted

1 Failed download:
- BTCUSD=X: No data found, symbol may be delisted

1 Failed download:
- BTCUSD=X: No data found, symbol may be delisted

1 Failed download:
- BTCUSD=X: No data found, symbol may be delisted

1 Failed download:
- BTCUSD=X: No data found, symbol may be delisted

1 Failed download:
- BTCUSD=X: No data found, symbol may be delisted

1 Failed download:
- BTCUSD=X: No data found, symbol may be delisted

1 Failed download:
- BTCUSD=X: No data found, symbol may be delisted

1 Failed download:
- BTCUSD=X: No data found, symbol may be delisted

1 Failed download:
- BTCUSD=X: No data found, symbol may be delisted

1 Failed download:
- BTCUSD=X: No data found, symbol may be delisted

1 Failed download:
- BTCUSD=X: No data found, symbol may be delisted

1 Failed download:
- BTCUSD=X: No data found, symbol may be delisted

1 Failed download:
- BTCUSD=X: No data found, symbol may be delisted

1 Failed download:
- BTCUSD=X: No data found, symbol may be delisted

1 Failed download:
- BTCUSD=X: No data found, symbol may be delisted

1 Failed download:
- BTCUSD=X: No data found, symbol may be delisted

1 Failed download:
- BTCUSD=X: No data found, symbol may be delisted

1 Failed download:
- BTCUSD=X: No data found, symbol may be delisted

1 Failed download:
- BTCUSD=X: No data found, symbol may be delisted

1 Failed download:
- BTCUSD=X: No data found, symbol may be delisted

1 Failed download:
- BTCUSD=X: No data found, symbol may be delisted

1 Failed download:
- BTCUSD=X: No data found, symbol may be delisted

1 Failed download:
- BTCUSD=X: No data found, symbol may be delisted

1 Failed download:
- BTCUSD=X: No data found, symbol may be delisted

1 Failed download:
- BTCUSD=X: No data found, symbol may be delisted

1 Failed download:
- BTCUSD=X: No data found, symbol may be delisted

1 Failed download:
- BTCUSD=X: No data found, symbol may be delisted

1 Failed download:
- BTCUSD=X: No data found, symbol may be delisted

1 Failed download:
- BTCUSD=X: No data found, symbol may be delisted

1 Failed download:
- BTCUSD=X: No data found, symbol may be delisted

1 Failed download:
- BTCUSD=X: No data found, symbol may be delisted

1 Failed download:
- BTCUSD=X: No data found, symbol may be delisted

1 Failed download:
- BTCUSD=X: No data found, symbol may be delisted

1 Failed download:
- BTCUSD=X: No data found, symbol may be delisted

1 Failed download:
- BTCUSD=X: No data found, symbol may be delisted

1 Failed download:
- BTCUSD=X: No data found, symbol may be delisted

1 Failed download:
- BTCUSD=X: No data found, symbol may be delisted
Exception in thread Thread-2377:
Traceback (most recent call last):
  File "/home/quotermain/miniconda3/lib/python3.8/site-packages/urllib3/response.py", line 436, in _error_catcher
    yield
  File "/home/quotermain/miniconda3/lib/python3.8/site-packages/urllib3/response.py", line 766, in read_chunked
    chunk = self._handle_chunk(amt)
  File "/home/quotermain/miniconda3/lib/python3.8/site-packages/urllib3/response.py", line 719, in _handle_chunk
    returned_chunk = self._fp._safe_read(self.chunk_left)
  File "/home/quotermain/miniconda3/lib/python3.8/http/client.py", line 614, in _safe_read
    raise IncompleteRead(data, amt-len(data))
http.client.IncompleteRead: IncompleteRead(1103 bytes read, 854 more expected)

During handling of the above exception, another exception occurred:

Traceback (most recent call last):
  File "/home/quotermain/miniconda3/lib/python3.8/site-packages/requests/models.py", line 751, in generate
    for chunk in self.raw.stream(chunk_size, decode_content=True):
  File "/home/quotermain/miniconda3/lib/python3.8/site-packages/urllib3/response.py", line 571, in stream
    for line in self.read_chunked(amt, decode_content=decode_content):
  File "/home/quotermain/miniconda3/lib/python3.8/site-packages/urllib3/response.py", line 792, in read_chunked
    self._original_response.close()
  File "/home/quotermain/miniconda3/lib/python3.8/contextlib.py", line 131, in __exit__
    self.gen.throw(type, value, traceback)
  File "/home/quotermain/miniconda3/lib/python3.8/site-packages/urllib3/response.py", line 454, in _error_catcher
    raise ProtocolError("Connection broken: %r" % e, e)
urllib3.exceptions.ProtocolError: ('Connection broken: IncompleteRead(1103 bytes read, 854 more expected)', IncompleteRead(1103 bytes read, 854 more expected))

During handling of the above exception, another exception occurred:

Traceback (most recent call last):
  File "/home/quotermain/miniconda3/lib/python3.8/threading.py", line 932, in _bootstrap_inner
    self.run()
  File "/home/quotermain/miniconda3/lib/python3.8/threading.py", line 870, in run
    self._target(*self._args, **self._kwargs)
  File "/home/quotermain/miniconda3/lib/python3.8/site-packages/multitasking/__init__.py", line 102, in _run_via_pool
    return callee(*args, **kwargs)
  File "/home/quotermain/miniconda3/lib/python3.8/site-packages/yfinance/multi.py", line 166, in _download_one_threaded
    data = _download_one(ticker, start, end, auto_adjust, back_adjust,
  File "/home/quotermain/miniconda3/lib/python3.8/site-packages/yfinance/multi.py", line 178, in _download_one
    return Ticker(ticker).history(period=period, interval=interval,
  File "/home/quotermain/miniconda3/lib/python3.8/site-packages/yfinance/base.py", line 151, in history
    data = _requests.get(url=url, params=params, proxies=proxy)
  File "/home/quotermain/miniconda3/lib/python3.8/site-packages/requests/api.py", line 76, in get
    return request('get', url, params=params, **kwargs)
  File "/home/quotermain/miniconda3/lib/python3.8/site-packages/requests/api.py", line 61, in request
    return session.request(method=method, url=url, **kwargs)
  File "/home/quotermain/miniconda3/lib/python3.8/site-packages/requests/sessions.py", line 530, in request
    resp = self.send(prep, **send_kwargs)
  File "/home/quotermain/miniconda3/lib/python3.8/site-packages/requests/sessions.py", line 685, in send
    r.content
  File "/home/quotermain/miniconda3/lib/python3.8/site-packages/requests/models.py", line 829, in content
    self._content = b''.join(self.iter_content(CONTENT_CHUNK_SIZE)) or b''
  File "/home/quotermain/miniconda3/lib/python3.8/site-packages/requests/models.py", line 754, in generate
    raise ChunkedEncodingError(e)
requests.exceptions.ChunkedEncodingError: ('Connection broken: IncompleteRead(1103 bytes read, 854 more expected)', IncompleteRead(1103 bytes read, 854 more expected))
this function is deprecated, use QScreen::grabWindow() instead. Defaulting to primary screen.
this function is deprecated, use QScreen::grabWindow() instead. Defaulting to primary screen.
this function is deprecated, use QScreen::grabWindow() instead. Defaulting to primary screen.
this function is deprecated, use QScreen::grabWindow() instead. Defaulting to primary screen.
QXcbConnection: XCB error: 11 (BadAlloc), sequence: 1827, resource id: 1727, major code: 53 (CreatePixmap), minor code: 0
QXcbConnection: XCB error: 9 (BadDrawable), sequence: 1828, resource id: 62914607, major code: 55 (CreateGC), minor code: 0
QXcbConnection: XCB error: 9 (BadDrawable), sequence: 1829, resource id: 62914607, major code: 62 (CopyArea), minor code: 0
QXcbConnection: XCB error: 9 (BadDrawable), sequence: 1830, resource id: 62914607, major code: 73 (GetImage), minor code: 0
QXcbConnection: XCB error: 13 (BadGC), sequence: 1831, resource id: 62914608, major code: 60 (FreeGC), minor code: 0
QXcbConnection: XCB error: 4 (BadPixmap), sequence: 1832, resource id: 62914607, major code: 54 (FreePixmap), minor code: 0
this function is deprecated, use QScreen::grabWindow() instead. Defaulting to primary screen.
this function is deprecated, use QScreen::grabWindow() instead. Defaulting to primary screen.
this function is deprecated, use QScreen::grabWindow() instead. Defaulting to primary screen.
this function is deprecated, use QScreen::grabWindow() instead. Defaulting to primary screen.
QXcbConnection: XCB error: 11 (BadAlloc), sequence: 1934, resource id: 1727, major code: 53 (CreatePixmap), minor code: 0
QXcbConnection: XCB error: 9 (BadDrawable), sequence: 1935, resource id: 62914623, major code: 55 (CreateGC), minor code: 0
QXcbConnection: XCB error: 9 (BadDrawable), sequence: 1936, resource id: 62914623, major code: 62 (CopyArea), minor code: 0
QXcbConnection: XCB error: 9 (BadDrawable), sequence: 1937, resource id: 62914623, major code: 73 (GetImage), minor code: 0
QXcbConnection: XCB error: 13 (BadGC), sequence: 1938, resource id: 62914624, major code: 60 (FreeGC), minor code: 0
QXcbConnection: XCB error: 4 (BadPixmap), sequence: 1939, resource id: 62914623, major code: 54 (FreePixmap), minor code: 0
this function is deprecated, use QScreen::grabWindow() instead. Defaulting to primary screen.
this function is deprecated, use QScreen::grabWindow() instead. Defaulting to primary screen.
this function is deprecated, use QScreen::grabWindow() instead. Defaulting to primary screen.
this function is deprecated, use QScreen::grabWindow() instead. Defaulting to primary screen.
QXcbConnection: XCB error: 11 (BadAlloc), sequence: 2426, resource id: 1727, major code: 53 (CreatePixmap), minor code: 0
QXcbConnection: XCB error: 9 (BadDrawable), sequence: 2427, resource id: 62914639, major code: 55 (CreateGC), minor code: 0
QXcbConnection: XCB error: 9 (BadDrawable), sequence: 2428, resource id: 62914639, major code: 62 (CopyArea), minor code: 0
QXcbConnection: XCB error: 9 (BadDrawable), sequence: 2429, resource id: 62914639, major code: 73 (GetImage), minor code: 0
QXcbConnection: XCB error: 13 (BadGC), sequence: 2430, resource id: 62914640, major code: 60 (FreeGC), minor code: 0
QXcbConnection: XCB error: 4 (BadPixmap), sequence: 2431, resource id: 62914639, major code: 54 (FreePixmap), minor code: 0
QStandardPaths: XDG_RUNTIME_DIR not set, defaulting to '/tmp/runtime-root'
this function is deprecated, use QScreen::grabWindow() instead. Defaulting to primary screen.
this function is deprecated, use QScreen::grabWindow() instead. Defaulting to primary screen.
this function is deprecated, use QScreen::grabWindow() instead. Defaulting to primary screen.
this function is deprecated, use QScreen::grabWindow() instead. Defaulting to primary screen.
QStandardPaths: XDG_RUNTIME_DIR not set, defaulting to '/tmp/runtime-root'
this function is deprecated, use QScreen::grabWindow() instead. Defaulting to primary screen.
this function is deprecated, use QScreen::grabWindow() instead. Defaulting to primary screen.
this function is deprecated, use QScreen::grabWindow() instead. Defaulting to primary screen.
QStandardPaths: XDG_RUNTIME_DIR not set, defaulting to '/tmp/runtime-root'
this function is deprecated, use QScreen::grabWindow() instead. Defaulting to primary screen.
this function is deprecated, use QScreen::grabWindow() instead. Defaulting to primary screen.
this function is deprecated, use QScreen::grabWindow() instead. Defaulting to primary screen.
this function is deprecated, use QScreen::grabWindow() instead. Defaulting to primary screen.
this function is deprecated, use QScreen::grabWindow() instead. Defaulting to primary screen.
this function is deprecated, use QScreen::grabWindow() instead. Defaulting to primary screen.
this function is deprecated, use QScreen::grabWindow() instead. Defaulting to primary screen.
this function is deprecated, use QScreen::grabWindow() instead. Defaulting to primary screen.
this function is deprecated, use QScreen::grabWindow() instead. Defaulting to primary screen.
this function is deprecated, use QScreen::grabWindow() instead. Defaulting to primary screen.
this function is deprecated, use QScreen::grabWindow() instead. Defaulting to primary screen.
this function is deprecated, use QScreen::grabWindow() instead. Defaulting to primary screen.
this function is deprecated, use QScreen::grabWindow() instead. Defaulting to primary screen.
this function is deprecated, use QScreen::grabWindow() instead. Defaulting to primary screen.
this function is deprecated, use QScreen::grabWindow() instead. Defaulting to primary screen.
this function is deprecated, use QScreen::grabWindow() instead. Defaulting to primary screen.
this function is deprecated, use QScreen::grabWindow() instead. Defaulting to primary screen.
this function is deprecated, use QScreen::grabWindow() instead. Defaulting to primary screen.
this function is deprecated, use QScreen::grabWindow() instead. Defaulting to primary screen.
this function is deprecated, use QScreen::grabWindow() instead. Defaulting to primary screen.
this function is deprecated, use QScreen::grabWindow() instead. Defaulting to primary screen.
this function is deprecated, use QScreen::grabWindow() instead. Defaulting to primary screen.
this function is deprecated, use QScreen::grabWindow() instead. Defaulting to primary screen.
this function is deprecated, use QScreen::grabWindow() instead. Defaulting to primary screen.
QStandardPaths: XDG_RUNTIME_DIR not set, defaulting to '/tmp/runtime-root'
this function is deprecated, use QScreen::grabWindow() instead. Defaulting to primary screen.
this function is deprecated, use QScreen::grabWindow() instead. Defaulting to primary screen.
this function is deprecated, use QScreen::grabWindow() instead. Defaulting to primary screen.
this function is deprecated, use QScreen::grabWindow() instead. Defaulting to primary screen.
this function is deprecated, use QScreen::grabWindow() instead. Defaulting to primary screen.
this function is deprecated, use QScreen::grabWindow() instead. Defaulting to primary screen.
this function is deprecated, use QScreen::grabWindow() instead. Defaulting to primary screen.
this function is deprecated, use QScreen::grabWindow() instead. Defaulting to primary screen.
this function is deprecated, use QScreen::grabWindow() instead. Defaulting to primary screen.
this function is deprecated, use QScreen::grabWindow() instead. Defaulting to primary screen.
this function is deprecated, use QScreen::grabWindow() instead. Defaulting to primary screen.
this function is deprecated, use QScreen::grabWindow() instead. Defaulting to primary screen.
QStandardPaths: XDG_RUNTIME_DIR not set, defaulting to '/tmp/runtime-root'
this function is deprecated, use QScreen::grabWindow() instead. Defaulting to primary screen.
this function is deprecated, use QScreen::grabWindow() instead. Defaulting to primary screen.
this function is deprecated, use QScreen::grabWindow() instead. Defaulting to primary screen.
this function is deprecated, use QScreen::grabWindow() instead. Defaulting to primary screen.
this function is deprecated, use QScreen::grabWindow() instead. Defaulting to primary screen.
this function is deprecated, use QScreen::grabWindow() instead. Defaulting to primary screen.
QXcbConnection: XCB error: 11 (BadAlloc), sequence: 1170, resource id: 1727, major code: 53 (CreatePixmap), minor code: 0
QXcbConnection: XCB error: 9 (BadDrawable), sequence: 1171, resource id: 92274715, major code: 55 (CreateGC), minor code: 0
QXcbConnection: XCB error: 9 (BadDrawable), sequence: 1172, resource id: 92274715, major code: 62 (CopyArea), minor code: 0
QXcbConnection: XCB error: 9 (BadDrawable), sequence: 1173, resource id: 92274715, major code: 73 (GetImage), minor code: 0
QXcbConnection: XCB error: 13 (BadGC), sequence: 1174, resource id: 92274716, major code: 60 (FreeGC), minor code: 0
QXcbConnection: XCB error: 4 (BadPixmap), sequence: 1175, resource id: 92274715, major code: 54 (FreePixmap), minor code: 0
this function is deprecated, use QScreen::grabWindow() instead. Defaulting to primary screen.
this function is deprecated, use QScreen::grabWindow() instead. Defaulting to primary screen.
this function is deprecated, use QScreen::grabWindow() instead. Defaulting to primary screen.
QXcbConnection: XCB error: 11 (BadAlloc), sequence: 1276, resource id: 1727, major code: 53 (CreatePixmap), minor code: 0
QXcbConnection: XCB error: 9 (BadDrawable), sequence: 1277, resource id: 92274727, major code: 55 (CreateGC), minor code: 0
QXcbConnection: XCB error: 9 (BadDrawable), sequence: 1278, resource id: 92274727, major code: 62 (CopyArea), minor code: 0
QXcbConnection: XCB error: 9 (BadDrawable), sequence: 1279, resource id: 92274727, major code: 73 (GetImage), minor code: 0
QXcbConnection: XCB error: 13 (BadGC), sequence: 1280, resource id: 92274728, major code: 60 (FreeGC), minor code: 0
QXcbConnection: XCB error: 4 (BadPixmap), sequence: 1281, resource id: 92274727, major code: 54 (FreePixmap), minor code: 0
this function is deprecated, use QScreen::grabWindow() instead. Defaulting to primary screen.
this function is deprecated, use QScreen::grabWindow() instead. Defaulting to primary screen.
this function is deprecated, use QScreen::grabWindow() instead. Defaulting to primary screen.
QXcbConnection: XCB error: 11 (BadAlloc), sequence: 1390, resource id: 1727, major code: 53 (CreatePixmap), minor code: 0
QXcbConnection: XCB error: 9 (BadDrawable), sequence: 1391, resource id: 92274739, major code: 55 (CreateGC), minor code: 0
QXcbConnection: XCB error: 9 (BadDrawable), sequence: 1392, resource id: 92274739, major code: 62 (CopyArea), minor code: 0
QXcbConnection: XCB error: 9 (BadDrawable), sequence: 1393, resource id: 92274739, major code: 73 (GetImage), minor code: 0
QXcbConnection: XCB error: 13 (BadGC), sequence: 1394, resource id: 92274740, major code: 60 (FreeGC), minor code: 0
QXcbConnection: XCB error: 4 (BadPixmap), sequence: 1395, resource id: 92274739, major code: 54 (FreePixmap), minor code: 0
this function is deprecated, use QScreen::grabWindow() instead. Defaulting to primary screen.
this function is deprecated, use QScreen::grabWindow() instead. Defaulting to primary screen.
this function is deprecated, use QScreen::grabWindow() instead. Defaulting to primary screen.
QXcbConnection: XCB error: 11 (BadAlloc), sequence: 1503, resource id: 1727, major code: 53 (CreatePixmap), minor code: 0
QXcbConnection: XCB error: 9 (BadDrawable), sequence: 1504, resource id: 92274751, major code: 55 (CreateGC), minor code: 0
QXcbConnection: XCB error: 9 (BadDrawable), sequence: 1505, resource id: 92274751, major code: 62 (CopyArea), minor code: 0
QXcbConnection: XCB error: 9 (BadDrawable), sequence: 1506, resource id: 92274751, major code: 73 (GetImage), minor code: 0
QXcbConnection: XCB error: 13 (BadGC), sequence: 1507, resource id: 92274752, major code: 60 (FreeGC), minor code: 0
QXcbConnection: XCB error: 4 (BadPixmap), sequence: 1508, resource id: 92274751, major code: 54 (FreePixmap), minor code: 0
this function is deprecated, use QScreen::grabWindow() instead. Defaulting to primary screen.
this function is deprecated, use QScreen::grabWindow() instead. Defaulting to primary screen.
this function is deprecated, use QScreen::grabWindow() instead. Defaulting to primary screen.
QXcbConnection: XCB error: 11 (BadAlloc), sequence: 1617, resource id: 1727, major code: 53 (CreatePixmap), minor code: 0
QXcbConnection: XCB error: 9 (BadDrawable), sequence: 1618, resource id: 92274763, major code: 55 (CreateGC), minor code: 0
QXcbConnection: XCB error: 9 (BadDrawable), sequence: 1619, resource id: 92274763, major code: 62 (CopyArea), minor code: 0
QXcbConnection: XCB error: 9 (BadDrawable), sequence: 1620, resource id: 92274763, major code: 73 (GetImage), minor code: 0
QXcbConnection: XCB error: 13 (BadGC), sequence: 1621, resource id: 92274764, major code: 60 (FreeGC), minor code: 0
QXcbConnection: XCB error: 4 (BadPixmap), sequence: 1622, resource id: 92274763, major code: 54 (FreePixmap), minor code: 0
this function is deprecated, use QScreen::grabWindow() instead. Defaulting to primary screen.
this function is deprecated, use QScreen::grabWindow() instead. Defaulting to primary screen.
this function is deprecated, use QScreen::grabWindow() instead. Defaulting to primary screen.
QXcbConnection: XCB error: 11 (BadAlloc), sequence: 1726, resource id: 1727, major code: 53 (CreatePixmap), minor code: 0
QXcbConnection: XCB error: 9 (BadDrawable), sequence: 1727, resource id: 92274775, major code: 55 (CreateGC), minor code: 0
QXcbConnection: XCB error: 9 (BadDrawable), sequence: 1728, resource id: 92274775, major code: 62 (CopyArea), minor code: 0
QXcbConnection: XCB error: 9 (BadDrawable), sequence: 1729, resource id: 92274775, major code: 73 (GetImage), minor code: 0
QXcbConnection: XCB error: 13 (BadGC), sequence: 1730, resource id: 92274776, major code: 60 (FreeGC), minor code: 0
QXcbConnection: XCB error: 4 (BadPixmap), sequence: 1731, resource id: 92274775, major code: 54 (FreePixmap), minor code: 0
this function is deprecated, use QScreen::grabWindow() instead. Defaulting to primary screen.
this function is deprecated, use QScreen::grabWindow() instead. Defaulting to primary screen.
this function is deprecated, use QScreen::grabWindow() instead. Defaulting to primary screen.
QXcbConnection: XCB error: 11 (BadAlloc), sequence: 1842, resource id: 1727, major code: 53 (CreatePixmap), minor code: 0
QXcbConnection: XCB error: 9 (BadDrawable), sequence: 1843, resource id: 92274787, major code: 55 (CreateGC), minor code: 0
QXcbConnection: XCB error: 9 (BadDrawable), sequence: 1844, resource id: 92274787, major code: 62 (CopyArea), minor code: 0
QXcbConnection: XCB error: 9 (BadDrawable), sequence: 1845, resource id: 92274787, major code: 73 (GetImage), minor code: 0
QXcbConnection: XCB error: 13 (BadGC), sequence: 1846, resource id: 92274788, major code: 60 (FreeGC), minor code: 0
QXcbConnection: XCB error: 4 (BadPixmap), sequence: 1847, resource id: 92274787, major code: 54 (FreePixmap), minor code: 0
Segmentation fault (core dumped)
QStandardPaths: XDG_RUNTIME_DIR not set, defaulting to '/tmp/runtime-root'
this function is deprecated, use QScreen::grabWindow() instead. Defaulting to primary screen.
this function is deprecated, use QScreen::grabWindow() instead. Defaulting to primary screen.
this function is deprecated, use QScreen::grabWindow() instead. Defaulting to primary screen.
this function is deprecated, use QScreen::grabWindow() instead. Defaulting to primary screen.
this function is deprecated, use QScreen::grabWindow() instead. Defaulting to primary screen.
this function is deprecated, use QScreen::grabWindow() instead. Defaulting to primary screen.
QXcbConnection: XCB error: 11 (BadAlloc), sequence: 816, resource id: 1727, major code: 53 (CreatePixmap), minor code: 0
QXcbConnection: XCB error: 9 (BadDrawable), sequence: 817, resource id: 85983259, major code: 55 (CreateGC), minor code: 0
QXcbConnection: XCB error: 9 (BadDrawable), sequence: 818, resource id: 85983259, major code: 62 (CopyArea), minor code: 0
QXcbConnection: XCB error: 9 (BadDrawable), sequence: 819, resource id: 85983259, major code: 73 (GetImage), minor code: 0
QXcbConnection: XCB error: 13 (BadGC), sequence: 820, resource id: 85983260, major code: 60 (FreeGC), minor code: 0
QXcbConnection: XCB error: 4 (BadPixmap), sequence: 821, resource id: 85983259, major code: 54 (FreePixmap), minor code: 0
this function is deprecated, use QScreen::grabWindow() instead. Defaulting to primary screen.
this function is deprecated, use QScreen::grabWindow() instead. Defaulting to primary screen.
this function is deprecated, use QScreen::grabWindow() instead. Defaulting to primary screen.
QXcbConnection: XCB error: 11 (BadAlloc), sequence: 928, resource id: 1727, major code: 53 (CreatePixmap), minor code: 0
QXcbConnection: XCB error: 9 (BadDrawable), sequence: 929, resource id: 85983271, major code: 55 (CreateGC), minor code: 0
QXcbConnection: XCB error: 9 (BadDrawable), sequence: 930, resource id: 85983271, major code: 62 (CopyArea), minor code: 0
QXcbConnection: XCB error: 9 (BadDrawable), sequence: 931, resource id: 85983271, major code: 73 (GetImage), minor code: 0
QXcbConnection: XCB error: 13 (BadGC), sequence: 932, resource id: 85983272, major code: 60 (FreeGC), minor code: 0
QXcbConnection: XCB error: 4 (BadPixmap), sequence: 933, resource id: 85983271, major code: 54 (FreePixmap), minor code: 0
this function is deprecated, use QScreen::grabWindow() instead. Defaulting to primary screen.
this function is deprecated, use QScreen::grabWindow() instead. Defaulting to primary screen.
this function is deprecated, use QScreen::grabWindow() instead. Defaulting to primary screen.
QXcbConnection: XCB error: 11 (BadAlloc), sequence: 1042, resource id: 1727, major code: 53 (CreatePixmap), minor code: 0
QXcbConnection: XCB error: 9 (BadDrawable), sequence: 1043, resource id: 85983283, major code: 55 (CreateGC), minor code: 0
QXcbConnection: XCB error: 9 (BadDrawable), sequence: 1044, resource id: 85983283, major code: 62 (CopyArea), minor code: 0
QXcbConnection: XCB error: 9 (BadDrawable), sequence: 1045, resource id: 85983283, major code: 73 (GetImage), minor code: 0
QXcbConnection: XCB error: 13 (BadGC), sequence: 1046, resource id: 85983284, major code: 60 (FreeGC), minor code: 0
QXcbConnection: XCB error: 4 (BadPixmap), sequence: 1047, resource id: 85983283, major code: 54 (FreePixmap), minor code: 0
this function is deprecated, use QScreen::grabWindow() instead. Defaulting to primary screen.
this function is deprecated, use QScreen::grabWindow() instead. Defaulting to primary screen.
this function is deprecated, use QScreen::grabWindow() instead. Defaulting to primary screen.
QXcbConnection: XCB error: 11 (BadAlloc), sequence: 1148, resource id: 1727, major code: 53 (CreatePixmap), minor code: 0
QXcbConnection: XCB error: 9 (BadDrawable), sequence: 1149, resource id: 85983295, major code: 55 (CreateGC), minor code: 0
QXcbConnection: XCB error: 9 (BadDrawable), sequence: 1150, resource id: 85983295, major code: 62 (CopyArea), minor code: 0
QXcbConnection: XCB error: 9 (BadDrawable), sequence: 1151, resource id: 85983295, major code: 73 (GetImage), minor code: 0
QXcbConnection: XCB error: 13 (BadGC), sequence: 1152, resource id: 85983296, major code: 60 (FreeGC), minor code: 0
QXcbConnection: XCB error: 4 (BadPixmap), sequence: 1153, resource id: 85983295, major code: 54 (FreePixmap), minor code: 0
this function is deprecated, use QScreen::grabWindow() instead. Defaulting to primary screen.
QStandardPaths: XDG_RUNTIME_DIR not set, defaulting to '/tmp/runtime-root'
this function is deprecated, use QScreen::grabWindow() instead. Defaulting to primary screen.
this function is deprecated, use QScreen::grabWindow() instead. Defaulting to primary screen.
this function is deprecated, use QScreen::grabWindow() instead. Defaulting to primary screen.
